<?xml version="1.0" encoding="UTF-8"?>
<beans xmlns="http://www.springframework.org/schema/beans"
       xmlns:xsi="http://www.w3.org/2001/XMLSchema-instance"
       xmlns:c="http://www.springframework.org/schema/c"
       xmlns:p="http://www.springframework.org/schema/p"
       xsi:schemaLocation="http://www.springframework.org/schema/beans http://www.springframework.org/schema/beans/spring-beans.xsd">

    <bean id="radiusServer"
          class="org.apereo.cas.adaptors.radius.JRadiusServerImpl"
          c:protocol="EAP_MSCHAPv2"
          c:clientFactory-ref="radiusClientFactory" />

    <bean id="radiusClientFactory"
          class="org.apereo.cas.adaptors.radius.RadiusClientFactory"
          p:inetAddress="localhost"
          p:sharedSecret="fqhwhgads" />

    <bean id="radiusAuthenticationHandler"
          class="org.apereo.cas.adaptors.radius.authentication.handler.support.RadiusAuthenticationHandler">
      <property name="servers">
          <list>
              <ref bean="radiusServer" />
          </list>
      </property>
    </bean>
</beans>
